#
# There is insufficient memory for the Java Runtime Environment to continue.
# Native memory allocation (malloc) failed to allocate 32744 bytes for ChunkPool::allocate
# Possible reasons:
#   The system is out of physical RAM or swap space
#   The process is running with CompressedOops enabled, and the Java Heap may be blocking the growth of the native heap
# Possible solutions:
#   Reduce memory load on the system
#   Increase physical memory or swap space
#   Check if swap backing store is full
#   Decrease Java heap size (-Xmx/-Xms)
#   Decrease number of Java threads
#   Decrease Java thread stack sizes (-Xss)
#   Set larger code cache with -XX:ReservedCodeCacheSize=
#   JVM is running with Unscaled Compressed Oops mode in which the Java heap is
#     placed in the first 4GB address space. The Java Heap base address is the
#     maximum limit for the native heap growth. Please use -XX:HeapBaseMinAddress
#     to set the Java Heap base and to place the Java Heap above 4GB virtual address.
# This output file may be truncated or incomplete.
#
#  Out of Memory Error (./src/hotspot/share/memory/arena.cpp:81), pid=35760, tid=57348
#
# JRE version: OpenJDK Runtime Environment Temurin-11.0.14.1+1 (11.0.14.1+1) (build 11.0.14.1+1)
# Java VM: OpenJDK 64-Bit Server VM Temurin-11.0.14.1+1 (11.0.14.1+1, mixed mode, tiered, compressed oops, g1 gc, windows-amd64)
# No core dump will be written. Minidumps are not enabled by default on client versions of Windows
#

---------------  S U M M A R Y ------------

Command Line: org.gradle.launcher.GradleMain -Dorg.gradle.jvmargs=-Xmx4096m --stop

Host: AMD Ryzen 3 3250U with Radeon Graphics         , 4 cores, 5G,  Windows 10 , 64 bit Build 19041 (10.0.19041.4957)
Time: Fri Nov  8 15:58:53 2024 Hora verano Sudamérica Pacífico elapsed time: 2.465309 seconds (0d 0h 0m 2s)

---------------  T H R E A D  ---------------

Current thread (0x000001b96da2c800):  JavaThread "C1 CompilerThread0" daemon [_thread_in_native, id=57348, stack(0x0000005c83100000,0x0000005c83200000)]


Current CompileTask:
C1:   2465  208       3       java.io.WinNTFileSystem::resolve (275 bytes)

Stack: [0x0000005c83100000,0x0000005c83200000]
Native frames: (J=compiled Java code, j=interpreted, Vv=VM code, C=native code)
V  [jvm.dll+0x61e59a]
V  [jvm.dll+0x7aaca9]
V  [jvm.dll+0x7ac398]
V  [jvm.dll+0x7aca73]
V  [jvm.dll+0x24f9b8]
V  [jvm.dll+0xc286b]
V  [jvm.dll+0xc2bcc]
V  [jvm.dll+0x15568a]
V  [jvm.dll+0x159033]
V  [jvm.dll+0x1563fe]
V  [jvm.dll+0x1428e0]
V  [jvm.dll+0x12acf9]
V  [jvm.dll+0x12a5ff]
V  [jvm.dll+0x12a82f]
V  [jvm.dll+0x129ad4]
V  [jvm.dll+0x12b9e7]
V  [jvm.dll+0x217734]
V  [jvm.dll+0x21597b]
V  [jvm.dll+0x76d7c0]
V  [jvm.dll+0x766724]
V  [jvm.dll+0x61d3f6]
C  [ucrtbase.dll+0x21bb2]
C  [KERNEL32.DLL+0x17374]
C  [ntdll.dll+0x4cc91]


---------------  P R O C E S S  ---------------

Threads class SMR info:
_java_thread_list=0x000001b96e519ef0, length=10, elements={
0x000001b950581800, 0x000001b96da17000, 0x000001b96da18000, 0x000001b96da22000,
0x000001b96da24000, 0x000001b96da25000, 0x000001b96da2a000, 0x000001b96da2c800,
0x000001b96da6c000, 0x000001b96e51a800
}

Java Threads: ( => current thread )
  0x000001b950581800 JavaThread "main" [_thread_in_Java, id=67352, stack(0x0000005c82400000,0x0000005c82500000)]
  0x000001b96da17000 JavaThread "Reference Handler" daemon [_thread_blocked, id=56616, stack(0x0000005c82b00000,0x0000005c82c00000)]
  0x000001b96da18000 JavaThread "Finalizer" daemon [_thread_blocked, id=67324, stack(0x0000005c82c00000,0x0000005c82d00000)]
  0x000001b96da22000 JavaThread "Signal Dispatcher" daemon [_thread_blocked, id=10036, stack(0x0000005c82d00000,0x0000005c82e00000)]
  0x000001b96da24000 JavaThread "Attach Listener" daemon [_thread_blocked, id=63060, stack(0x0000005c82e00000,0x0000005c82f00000)]
  0x000001b96da25000 JavaThread "Service Thread" daemon [_thread_blocked, id=68588, stack(0x0000005c82f00000,0x0000005c83000000)]
  0x000001b96da2a000 JavaThread "C2 CompilerThread0" daemon [_thread_in_native, id=54828, stack(0x0000005c83000000,0x0000005c83100000)]
=>0x000001b96da2c800 JavaThread "C1 CompilerThread0" daemon [_thread_in_native, id=57348, stack(0x0000005c83100000,0x0000005c83200000)]
  0x000001b96da6c000 JavaThread "Sweeper thread" daemon [_thread_blocked, id=66552, stack(0x0000005c83200000,0x0000005c83300000)]
  0x000001b96e51a800 JavaThread "Common-Cleaner" daemon [_thread_blocked, id=29948, stack(0x0000005c83400000,0x0000005c83500000)]

Other Threads:
  0x000001b96da00800 VMThread "VM Thread" [stack: 0x0000005c82a00000,0x0000005c82b00000] [id=58336]
  0x000001b96e514800 WatcherThread [stack: 0x0000005c83300000,0x0000005c83400000] [id=40808]
  0x000001b95059a800 GCTaskThread "GC Thread#0" [stack: 0x0000005c82500000,0x0000005c82600000] [id=66020]
  0x000001b9505bf800 ConcurrentGCThread "G1 Main Marker" [stack: 0x0000005c82600000,0x0000005c82700000] [id=61880]
  0x000001b9505c1000 ConcurrentGCThread "G1 Conc#0" [stack: 0x0000005c82700000,0x0000005c82800000] [id=55344]
  0x000001b950634000 ConcurrentGCThread "G1 Refine#0" [stack: 0x0000005c82800000,0x0000005c82900000] [id=55720]
  0x000001b950635000 ConcurrentGCThread "G1 Young RemSet Sampling" [stack: 0x0000005c82900000,0x0000005c82a00000] [id=63608]

Threads with active compile tasks:
C2 CompilerThread0   2508  211 %     4       java.lang.StringLatin1::inflate @ 3 (34 bytes)
C1 CompilerThread0   2508  208       3       java.io.WinNTFileSystem::resolve (275 bytes)

VM state:not at safepoint (normal execution)

VM Mutex/Monitor currently owned by a thread: None

Heap address: 0x00000000a1000000, size: 1520 MB, Compressed Oops mode: 32-bit
Narrow klass base: 0x0000000000000000, Narrow klass shift: 3
Compressed class space size: 1073741824 Address: 0x0000000100000000

Heap:
 garbage-first heap   total 98304K, used 3072K [0x00000000a1000000, 0x0000000100000000)
  region size 1024K, 4 young (4096K), 0 survivors (0K)
 Metaspace       used 6099K, capacity 6264K, committed 6528K, reserved 1058816K
  class space    used 529K, capacity 575K, committed 640K, reserved 1048576K
Heap Regions: E=young(eden), S=young(survivor), O=old, HS=humongous(starts), HC=humongous(continues), CS=collection set, F=free, A=archive, TAMS=top-at-mark-start (previous, next)
|   0|0x00000000a1000000, 0x00000000a1000000, 0x00000000a1100000|  0%| F|  |TAMS 0x00000000a1000000, 0x00000000a1000000| Untracked 
|   1|0x00000000a1100000, 0x00000000a1100000, 0x00000000a1200000|  0%| F|  |TAMS 0x00000000a1100000, 0x00000000a1100000| Untracked 
|   2|0x00000000a1200000, 0x00000000a1200000, 0x00000000a1300000|  0%| F|  |TAMS 0x00000000a1200000, 0x00000000a1200000| Untracked 
|   3|0x00000000a1300000, 0x00000000a1300000, 0x00000000a1400000|  0%| F|  |TAMS 0x00000000a1300000, 0x00000000a1300000| Untracked 
|   4|0x00000000a1400000, 0x00000000a1400000, 0x00000000a1500000|  0%| F|  |TAMS 0x00000000a1400000, 0x00000000a1400000| Untracked 
|   5|0x00000000a1500000, 0x00000000a1500000, 0x00000000a1600000|  0%| F|  |TAMS 0x00000000a1500000, 0x00000000a1500000| Untracked 
|   6|0x00000000a1600000, 0x00000000a1600000, 0x00000000a1700000|  0%| F|  |TAMS 0x00000000a1600000, 0x00000000a1600000| Untracked 
|   7|0x00000000a1700000, 0x00000000a1700000, 0x00000000a1800000|  0%| F|  |TAMS 0x00000000a1700000, 0x00000000a1700000| Untracked 
|   8|0x00000000a1800000, 0x00000000a1800000, 0x00000000a1900000|  0%| F|  |TAMS 0x00000000a1800000, 0x00000000a1800000| Untracked 
|   9|0x00000000a1900000, 0x00000000a1900000, 0x00000000a1a00000|  0%| F|  |TAMS 0x00000000a1900000, 0x00000000a1900000| Untracked 
|  10|0x00000000a1a00000, 0x00000000a1a00000, 0x00000000a1b00000|  0%| F|  |TAMS 0x00000000a1a00000, 0x00000000a1a00000| Untracked 
|  11|0x00000000a1b00000, 0x00000000a1b00000, 0x00000000a1c00000|  0%| F|  |TAMS 0x00000000a1b00000, 0x00000000a1b00000| Untracked 
|  12|0x00000000a1c00000, 0x00000000a1c00000, 0x00000000a1d00000|  0%| F|  |TAMS 0x00000000a1c00000, 0x00000000a1c00000| Untracked 
|  13|0x00000000a1d00000, 0x00000000a1d00000, 0x00000000a1e00000|  0%| F|  |TAMS 0x00000000a1d00000, 0x00000000a1d00000| Untracked 
|  14|0x00000000a1e00000, 0x00000000a1e00000, 0x00000000a1f00000|  0%| F|  |TAMS 0x00000000a1e00000, 0x00000000a1e00000| Untracked 
|  15|0x00000000a1f00000, 0x00000000a1f00000, 0x00000000a2000000|  0%| F|  |TAMS 0x00000000a1f00000, 0x00000000a1f00000| Untracked 
|  16|0x00000000a2000000, 0x00000000a2000000, 0x00000000a2100000|  0%| F|  |TAMS 0x00000000a2000000, 0x00000000a2000000| Untracked 
|  17|0x00000000a2100000, 0x00000000a2100000, 0x00000000a2200000|  0%| F|  |TAMS 0x00000000a2100000, 0x00000000a2100000| Untracked 
|  18|0x00000000a2200000, 0x00000000a2200000, 0x00000000a2300000|  0%| F|  |TAMS 0x00000000a2200000, 0x00000000a2200000| Untracked 
|  19|0x00000000a2300000, 0x00000000a2300000, 0x00000000a2400000|  0%| F|  |TAMS 0x00000000a2300000, 0x00000000a2300000| Untracked 
|  20|0x00000000a2400000, 0x00000000a2400000, 0x00000000a2500000|  0%| F|  |TAMS 0x00000000a2400000, 0x00000000a2400000| Untracked 
|  21|0x00000000a2500000, 0x00000000a2500000, 0x00000000a2600000|  0%| F|  |TAMS 0x00000000a2500000, 0x00000000a2500000| Untracked 
|  22|0x00000000a2600000, 0x00000000a2600000, 0x00000000a2700000|  0%| F|  |TAMS 0x00000000a2600000, 0x00000000a2600000| Untracked 
|  23|0x00000000a2700000, 0x00000000a2700000, 0x00000000a2800000|  0%| F|  |TAMS 0x00000000a2700000, 0x00000000a2700000| Untracked 
|  24|0x00000000a2800000, 0x00000000a2800000, 0x00000000a2900000|  0%| F|  |TAMS 0x00000000a2800000, 0x00000000a2800000| Untracked 
|  25|0x00000000a2900000, 0x00000000a2900000, 0x00000000a2a00000|  0%| F|  |TAMS 0x00000000a2900000, 0x00000000a2900000| Untracked 
|  26|0x00000000a2a00000, 0x00000000a2a00000, 0x00000000a2b00000|  0%| F|  |TAMS 0x00000000a2a00000, 0x00000000a2a00000| Untracked 
|  27|0x00000000a2b00000, 0x00000000a2b00000, 0x00000000a2c00000|  0%| F|  |TAMS 0x00000000a2b00000, 0x00000000a2b00000| Untracked 
|  28|0x00000000a2c00000, 0x00000000a2c00000, 0x00000000a2d00000|  0%| F|  |TAMS 0x00000000a2c00000, 0x00000000a2c00000| Untracked 
|  29|0x00000000a2d00000, 0x00000000a2d00000, 0x00000000a2e00000|  0%| F|  |TAMS 0x00000000a2d00000, 0x00000000a2d00000| Untracked 
|  30|0x00000000a2e00000, 0x00000000a2e00000, 0x00000000a2f00000|  0%| F|  |TAMS 0x00000000a2e00000, 0x00000000a2e00000| Untracked 
|  31|0x00000000a2f00000, 0x00000000a2f00000, 0x00000000a3000000|  0%| F|  |TAMS 0x00000000a2f00000, 0x00000000a2f00000| Untracked 
|  32|0x00000000a3000000, 0x00000000a3000000, 0x00000000a3100000|  0%| F|  |TAMS 0x00000000a3000000, 0x00000000a3000000| Untracked 
|  33|0x00000000a3100000, 0x00000000a3100000, 0x00000000a3200000|  0%| F|  |TAMS 0x00000000a3100000, 0x00000000a3100000| Untracked 
|  34|0x00000000a3200000, 0x00000000a3200000, 0x00000000a3300000|  0%| F|  |TAMS 0x00000000a3200000, 0x00000000a3200000| Untracked 
|  35|0x00000000a3300000, 0x00000000a3300000, 0x00000000a3400000|  0%| F|  |TAMS 0x00000000a3300000, 0x00000000a3300000| Untracked 
|  36|0x00000000a3400000, 0x00000000a3400000, 0x00000000a3500000|  0%| F|  |TAMS 0x00000000a3400000, 0x00000000a3400000| Untracked 
|  37|0x00000000a3500000, 0x00000000a3500000, 0x00000000a3600000|  0%| F|  |TAMS 0x00000000a3500000, 0x00000000a3500000| Untracked 
|  38|0x00000000a3600000, 0x00000000a3600000, 0x00000000a3700000|  0%| F|  |TAMS 0x00000000a3600000, 0x00000000a3600000| Untracked 
|  39|0x00000000a3700000, 0x00000000a3700000, 0x00000000a3800000|  0%| F|  |TAMS 0x00000000a3700000, 0x00000000a3700000| Untracked 
|  40|0x00000000a3800000, 0x00000000a3800000, 0x00000000a3900000|  0%| F|  |TAMS 0x00000000a3800000, 0x00000000a3800000| Untracked 
|  41|0x00000000a3900000, 0x00000000a3900000, 0x00000000a3a00000|  0%| F|  |TAMS 0x00000000a3900000, 0x00000000a3900000| Untracked 
|  42|0x00000000a3a00000, 0x00000000a3a00000, 0x00000000a3b00000|  0%| F|  |TAMS 0x00000000a3a00000, 0x00000000a3a00000| Untracked 
|  43|0x00000000a3b00000, 0x00000000a3b00000, 0x00000000a3c00000|  0%| F|  |TAMS 0x00000000a3b00000, 0x00000000a3b00000| Untracked 
|  44|0x00000000a3c00000, 0x00000000a3c00000, 0x00000000a3d00000|  0%| F|  |TAMS 0x00000000a3c00000, 0x00000000a3c00000| Untracked 
|  45|0x00000000a3d00000, 0x00000000a3d00000, 0x00000000a3e00000|  0%| F|  |TAMS 0x00000000a3d00000, 0x00000000a3d00000| Untracked 
|  46|0x00000000a3e00000, 0x00000000a3e00000, 0x00000000a3f00000|  0%| F|  |TAMS 0x00000000a3e00000, 0x00000000a3e00000| Untracked 
|  47|0x00000000a3f00000, 0x00000000a3f00000, 0x00000000a4000000|  0%| F|  |TAMS 0x00000000a3f00000, 0x00000000a3f00000| Untracked 
|  48|0x00000000a4000000, 0x00000000a4000000, 0x00000000a4100000|  0%| F|  |TAMS 0x00000000a4000000, 0x00000000a4000000| Untracked 
|  49|0x00000000a4100000, 0x00000000a4100000, 0x00000000a4200000|  0%| F|  |TAMS 0x00000000a4100000, 0x00000000a4100000| Untracked 
|  50|0x00000000a4200000, 0x00000000a4200000, 0x00000000a4300000|  0%| F|  |TAMS 0x00000000a4200000, 0x00000000a4200000| Untracked 
|  51|0x00000000a4300000, 0x00000000a4300000, 0x00000000a4400000|  0%| F|  |TAMS 0x00000000a4300000, 0x00000000a4300000| Untracked 
|  52|0x00000000a4400000, 0x00000000a4400000, 0x00000000a4500000|  0%| F|  |TAMS 0x00000000a4400000, 0x00000000a4400000| Untracked 
|  53|0x00000000a4500000, 0x00000000a4500000, 0x00000000a4600000|  0%| F|  |TAMS 0x00000000a4500000, 0x00000000a4500000| Untracked 
|  54|0x00000000a4600000, 0x00000000a4600000, 0x00000000a4700000|  0%| F|  |TAMS 0x00000000a4600000, 0x00000000a4600000| Untracked 
|  55|0x00000000a4700000, 0x00000000a4700000, 0x00000000a4800000|  0%| F|  |TAMS 0x00000000a4700000, 0x00000000a4700000| Untracked 
|  56|0x00000000a4800000, 0x00000000a4800000, 0x00000000a4900000|  0%| F|  |TAMS 0x00000000a4800000, 0x00000000a4800000| Untracked 
|  57|0x00000000a4900000, 0x00000000a4900000, 0x00000000a4a00000|  0%| F|  |TAMS 0x00000000a4900000, 0x00000000a4900000| Untracked 
|  58|0x00000000a4a00000, 0x00000000a4a00000, 0x00000000a4b00000|  0%| F|  |TAMS 0x00000000a4a00000, 0x00000000a4a00000| Untracked 
|  59|0x00000000a4b00000, 0x00000000a4b00000, 0x00000000a4c00000|  0%| F|  |TAMS 0x00000000a4b00000, 0x00000000a4b00000| Untracked 
|  60|0x00000000a4c00000, 0x00000000a4c00000, 0x00000000a4d00000|  0%| F|  |TAMS 0x00000000a4c00000, 0x00000000a4c00000| Untracked 
|  61|0x00000000a4d00000, 0x00000000a4d00000, 0x00000000a4e00000|  0%| F|  |TAMS 0x00000000a4d00000, 0x00000000a4d00000| Untracked 
|  62|0x00000000a4e00000, 0x00000000a4e00000, 0x00000000a4f00000|  0%| F|  |TAMS 0x00000000a4e00000, 0x00000000a4e00000| Untracked 
|  63|0x00000000a4f00000, 0x00000000a4f00000, 0x00000000a5000000|  0%| F|  |TAMS 0x00000000a4f00000, 0x00000000a4f00000| Untracked 
|  64|0x00000000a5000000, 0x00000000a5000000, 0x00000000a5100000|  0%| F|  |TAMS 0x00000000a5000000, 0x00000000a5000000| Untracked 
|  65|0x00000000a5100000, 0x00000000a5100000, 0x00000000a5200000|  0%| F|  |TAMS 0x00000000a5100000, 0x00000000a5100000| Untracked 
|  66|0x00000000a5200000, 0x00000000a5200000, 0x00000000a5300000|  0%| F|  |TAMS 0x00000000a5200000, 0x00000000a5200000| Untracked 
|  67|0x00000000a5300000, 0x00000000a5300000, 0x00000000a5400000|  0%| F|  |TAMS 0x00000000a5300000, 0x00000000a5300000| Untracked 
|  68|0x00000000a5400000, 0x00000000a5400000, 0x00000000a5500000|  0%| F|  |TAMS 0x00000000a5400000, 0x00000000a5400000| Untracked 
|  69|0x00000000a5500000, 0x00000000a5500000, 0x00000000a5600000|  0%| F|  |TAMS 0x00000000a5500000, 0x00000000a5500000| Untracked 
|  70|0x00000000a5600000, 0x00000000a5600000, 0x00000000a5700000|  0%| F|  |TAMS 0x00000000a5600000, 0x00000000a5600000| Untracked 
|  71|0x00000000a5700000, 0x00000000a5700000, 0x00000000a5800000|  0%| F|  |TAMS 0x00000000a5700000, 0x00000000a5700000| Untracked 
|  72|0x00000000a5800000, 0x00000000a5800000, 0x00000000a5900000|  0%| F|  |TAMS 0x00000000a5800000, 0x00000000a5800000| Untracked 
|  73|0x00000000a5900000, 0x00000000a5900000, 0x00000000a5a00000|  0%| F|  |TAMS 0x00000000a5900000, 0x00000000a5900000| Untracked 
|  74|0x00000000a5a00000, 0x00000000a5a00000, 0x00000000a5b00000|  0%| F|  |TAMS 0x00000000a5a00000, 0x00000000a5a00000| Untracked 
|  75|0x00000000a5b00000, 0x00000000a5b00000, 0x00000000a5c00000|  0%| F|  |TAMS 0x00000000a5b00000, 0x00000000a5b00000| Untracked 
|  76|0x00000000a5c00000, 0x00000000a5c00000, 0x00000000a5d00000|  0%| F|  |TAMS 0x00000000a5c00000, 0x00000000a5c00000| Untracked 
|  77|0x00000000a5d00000, 0x00000000a5d00000, 0x00000000a5e00000|  0%| F|  |TAMS 0x00000000a5d00000, 0x00000000a5d00000| Untracked 
|  78|0x00000000a5e00000, 0x00000000a5e00000, 0x00000000a5f00000|  0%| F|  |TAMS 0x00000000a5e00000, 0x00000000a5e00000| Untracked 
|  79|0x00000000a5f00000, 0x00000000a5f00000, 0x00000000a6000000|  0%| F|  |TAMS 0x00000000a5f00000, 0x00000000a5f00000| Untracked 
|  80|0x00000000a6000000, 0x00000000a6000000, 0x00000000a6100000|  0%| F|  |TAMS 0x00000000a6000000, 0x00000000a6000000| Untracked 
|  81|0x00000000a6100000, 0x00000000a6100000, 0x00000000a6200000|  0%| F|  |TAMS 0x00000000a6100000, 0x00000000a6100000| Untracked 
|  82|0x00000000a6200000, 0x00000000a6200000, 0x00000000a6300000|  0%| F|  |TAMS 0x00000000a6200000, 0x00000000a6200000| Untracked 
|  83|0x00000000a6300000, 0x00000000a6300000, 0x00000000a6400000|  0%| F|  |TAMS 0x00000000a6300000, 0x00000000a6300000| Untracked 
|  84|0x00000000a6400000, 0x00000000a6400000, 0x00000000a6500000|  0%| F|  |TAMS 0x00000000a6400000, 0x00000000a6400000| Untracked 
|  85|0x00000000a6500000, 0x00000000a6500000, 0x00000000a6600000|  0%| F|  |TAMS 0x00000000a6500000, 0x00000000a6500000| Untracked 
|  86|0x00000000a6600000, 0x00000000a6600000, 0x00000000a6700000|  0%| F|  |TAMS 0x00000000a6600000, 0x00000000a6600000| Untracked 
|  87|0x00000000a6700000, 0x00000000a6700000, 0x00000000a6800000|  0%| F|  |TAMS 0x00000000a6700000, 0x00000000a6700000| Untracked 
|  88|0x00000000a6800000, 0x00000000a6800000, 0x00000000a6900000|  0%| F|  |TAMS 0x00000000a6800000, 0x00000000a6800000| Untracked 
|  89|0x00000000a6900000, 0x00000000a6900000, 0x00000000a6a00000|  0%| F|  |TAMS 0x00000000a6900000, 0x00000000a6900000| Untracked 
|  90|0x00000000a6a00000, 0x00000000a6a00000, 0x00000000a6b00000|  0%| F|  |TAMS 0x00000000a6a00000, 0x00000000a6a00000| Untracked 
|  91|0x00000000a6b00000, 0x00000000a6b00000, 0x00000000a6c00000|  0%| F|  |TAMS 0x00000000a6b00000, 0x00000000a6b00000| Untracked 
|  92|0x00000000a6c00000, 0x00000000a6cd7df0, 0x00000000a6d00000| 84%| E|  |TAMS 0x00000000a6c00000, 0x00000000a6c00000| Complete 
|  93|0x00000000a6d00000, 0x00000000a6e00000, 0x00000000a6e00000|100%| E|CS|TAMS 0x00000000a6d00000, 0x00000000a6d00000| Complete 
|  94|0x00000000a6e00000, 0x00000000a6f00000, 0x00000000a6f00000|100%| E|CS|TAMS 0x00000000a6e00000, 0x00000000a6e00000| Complete 
|  95|0x00000000a6f00000, 0x00000000a7000000, 0x00000000a7000000|100%| E|CS|TAMS 0x00000000a6f00000, 0x00000000a6f00000| Complete 

Card table byte_map: [0x000001b967fc0000,0x000001b9682c0000] _byte_map_base: 0x000001b967ab8000

Marking Bits (Prev, Next): (CMBitMap*) 0x000001b9505b8a18, (CMBitMap*) 0x000001b9505b8a50
 Prev Bits: [0x000001b9685c0000, 0x000001b969d80000)
 Next Bits: [0x000001b969d80000, 0x000001b96b540000)

Polling page: 0x000001b94e530000

Metaspace:

Usage:
  Non-class:      5.56 MB capacity,     5.44 MB ( 98%) used,   115.27 KB (  2%) free+waste,     3.63 KB ( <1%) overhead. 
      Class:    575.00 KB capacity,   529.02 KB ( 92%) used,    44.16 KB (  8%) free+waste,     1.81 KB ( <1%) overhead. 
       Both:      6.12 MB capacity,     5.96 MB ( 97%) used,   159.43 KB (  3%) free+waste,     5.44 KB ( <1%) overhead. 

Virtual space:
  Non-class space:       10.00 MB reserved,       5.75 MB ( 58%) committed 
      Class space:        1.00 GB reserved,     640.00 KB ( <1%) committed 
             Both:        1.01 GB reserved,       6.38 MB ( <1%) committed 

Chunk freelists:
   Non-Class:  7.00 KB
       Class:  1.00 KB
        Both:  8.00 KB

MaxMetaspaceSize: 17179869184.00 GB
CompressedClassSpaceSize: 1.00 GB
Initial GC threshold: 20.80 MB
Current GC threshold: 20.80 MB
CDS: off

CodeHeap 'non-profiled nmethods': size=120064Kb used=66Kb max_used=66Kb free=119997Kb
 bounds [0x000001b960780000, 0x000001b9609f0000, 0x000001b967cc0000]
CodeHeap 'profiled nmethods': size=120000Kb used=258Kb max_used=258Kb free=119741Kb
 bounds [0x000001b959250000, 0x000001b9594c0000, 0x000001b960780000]
CodeHeap 'non-nmethods': size=5696Kb used=1091Kb max_used=1103Kb free=4604Kb
 bounds [0x000001b958cc0000, 0x000001b958f30000, 0x000001b959250000]
 total_blobs=555 nmethods=222 adapters=246
 compilation: enabled
              stopped_count=0, restarted_count=0
 full_count=0

Compilation events (20 events):
Event: 2.391 Thread 0x000001b96da2a000  197       4       java.lang.CharacterData::of (120 bytes)
Event: 2.391 Thread 0x000001b96da2a000 nmethod 197 0x000001b96078cd10 code [0x000001b96078cea0, 0x000001b96078cf18]
Event: 2.392 Thread 0x000001b96da2c800  198       3       java.lang.ref.Reference::reachabilityFence (1 bytes)
Event: 2.392 Thread 0x000001b96da2c800 nmethod 198 0x000001b95928d990 code [0x000001b95928db40, 0x000001b95928dc18]
Event: 2.392 Thread 0x000001b96da2c800  199       1       java.net.URL::getHost (5 bytes)
Event: 2.392 Thread 0x000001b96da2c800 nmethod 199 0x000001b96078d010 code [0x000001b96078d1c0, 0x000001b96078d278]
Event: 2.393 Thread 0x000001b96da2a000  200       4       java.lang.CharacterDataLatin1::toLowerCase (39 bytes)
Event: 2.394 Thread 0x000001b96da2a000 nmethod 200 0x000001b96078d310 code [0x000001b96078d4a0, 0x000001b96078d578]
Event: 2.396 Thread 0x000001b96da2c800  201       3       java.util.zip.ZipFile::ensureOpen (38 bytes)
Event: 2.396 Thread 0x000001b96da2c800 nmethod 201 0x000001b95928dc90 code [0x000001b95928de80, 0x000001b95928e1b8]
Event: 2.396 Thread 0x000001b96da2c800  202       3       java.lang.ClassLoader::checkName (37 bytes)
Event: 2.397 Thread 0x000001b96da2c800 nmethod 202 0x000001b95928e310 code [0x000001b95928e580, 0x000001b95928ef18]
Event: 2.422 Thread 0x000001b96da2c800  203       3       java.lang.invoke.MemberName::testFlags (16 bytes)
Event: 2.422 Thread 0x000001b96da2c800 nmethod 203 0x000001b95928f290 code [0x000001b95928f440, 0x000001b95928f598]
Event: 2.423 Thread 0x000001b96da2c800  206       3       java.lang.invoke.MethodTypeForm::canonicalize (233 bytes)
Event: 2.424 Thread 0x000001b96da2c800 nmethod 206 0x000001b95928f610 code [0x000001b95928f8a0, 0x000001b959290378]
Event: 2.424 Thread 0x000001b96da2c800  207       3       java.lang.Class::getName (18 bytes)
Event: 2.424 Thread 0x000001b96da2c800 nmethod 207 0x000001b959290610 code [0x000001b9592907c0, 0x000001b959290948]
Event: 2.428 Thread 0x000001b96da2c800  208       3       java.io.WinNTFileSystem::resolve (275 bytes)
Event: 2.428 Thread 0x000001b96da2a000  211 %     4       java.lang.StringLatin1::inflate @ 3 (34 bytes)

GC Heap History (0 events):
No events

Deoptimization events (18 events):
Event: 1.941 Thread 0x000001b950581800 Uncommon trap: trap_request=0xffffff4d fr.pc=0x000001b9607841a0 relative=0x0000000000000180
Event: 1.942 Thread 0x000001b950581800 Uncommon trap: reason=unstable_if action=reinterpret pc=0x000001b9607841a0 method=java.lang.String.hashCode()I @ 14 c2
Event: 1.942 Thread 0x000001b950581800 DEOPT PACKING pc=0x000001b9607841a0 sp=0x0000005c824fd760
Event: 1.942 Thread 0x000001b950581800 DEOPT UNPACKING pc=0x000001b958d0a1af sp=0x0000005c824fd6f8 mode 2
Event: 2.072 Thread 0x000001b950581800 DEOPT PACKING pc=0x000001b959271a8e sp=0x0000005c824f8c50
Event: 2.072 Thread 0x000001b950581800 DEOPT UNPACKING pc=0x000001b958d0a95e sp=0x0000005c824f80f0 mode 0
Event: 2.072 Thread 0x000001b950581800 DEOPT PACKING pc=0x000001b95927143b sp=0x0000005c824f8c20
Event: 2.072 Thread 0x000001b950581800 DEOPT UNPACKING pc=0x000001b958d0a95e sp=0x0000005c824f80f0 mode 0
Event: 2.073 Thread 0x000001b950581800 DEOPT PACKING pc=0x000001b959271a8e sp=0x0000005c824f8c50
Event: 2.073 Thread 0x000001b950581800 DEOPT UNPACKING pc=0x000001b958d0a95e sp=0x0000005c824f80f0 mode 0
Event: 2.073 Thread 0x000001b950581800 DEOPT PACKING pc=0x000001b95927143b sp=0x0000005c824f8c20
Event: 2.073 Thread 0x000001b950581800 DEOPT UNPACKING pc=0x000001b958d0a95e sp=0x0000005c824f80f0 mode 0
Event: 2.073 Thread 0x000001b950581800 DEOPT PACKING pc=0x000001b959271a8e sp=0x0000005c824f8c50
Event: 2.073 Thread 0x000001b950581800 DEOPT UNPACKING pc=0x000001b958d0a95e sp=0x0000005c824f80f0 mode 0
Event: 2.073 Thread 0x000001b950581800 DEOPT PACKING pc=0x000001b95927143b sp=0x0000005c824f8c20
Event: 2.073 Thread 0x000001b950581800 DEOPT UNPACKING pc=0x000001b958d0a95e sp=0x0000005c824f80f0 mode 0
Event: 2.073 Thread 0x000001b950581800 DEOPT PACKING pc=0x000001b959271a8e sp=0x0000005c824f8c50
Event: 2.073 Thread 0x000001b950581800 DEOPT UNPACKING pc=0x000001b958d0a95e sp=0x0000005c824f80f0 mode 0

Classes redefined (0 events):
No events

Internal exceptions (1 events):
Event: 2.129 Thread 0x000001b950581800 Exception <a 'java/lang/NoSuchMethodError'{0x00000000a6ef6790}: 'int java.lang.invoke.DirectMethodHandle$Holder.invokeStaticInit(java.lang.Object, java.lang.Object)'> (0x00000000a6ef6790) thrown at [./src/hotspot/share/interpreter/linkResolver.cpp, line 773]

Events (20 events):
Event: 2.422 loading class java/util/regex/Pattern$SliceNode
Event: 2.422 loading class java/util/regex/Pattern$SliceNode done
Event: 2.422 loading class java/util/regex/Pattern$Slice done
Event: 2.422 loading class java/util/regex/CharPredicates
Event: 2.422 loading class java/util/regex/CharPredicates done
Event: 2.422 loading class java/util/regex/Pattern$BmpCharPredicate
Event: 2.422 loading class java/util/regex/Pattern$CharPredicate
Event: 2.423 loading class java/util/regex/Pattern$CharPredicate done
Event: 2.423 loading class java/util/regex/Pattern$BmpCharPredicate done
Event: 2.423 loading class java/util/regex/Pattern$BmpCharProperty
Event: 2.423 loading class java/util/regex/Pattern$CharProperty
Event: 2.423 loading class java/util/regex/Pattern$CharProperty done
Event: 2.423 loading class java/util/regex/Pattern$BmpCharProperty done
Event: 2.424 loading class java/util/regex/Pattern$CharPropertyGreedy
Event: 2.424 loading class java/util/regex/Pattern$CharPropertyGreedy done
Event: 2.424 loading class java/util/regex/Pattern$BnM
Event: 2.425 loading class java/util/regex/Pattern$BnM done
Event: 2.425 loading class java/util/regex/Pattern$SliceS
Event: 2.425 loading class java/util/regex/Pattern$SliceS done
Event: 2.429 loading class java/util/regex/Matcher


Dynamic libraries:
0x00007ff688670000 - 0x00007ff68867d000 	C:\Program Files\Unity\Hub\Editor\2021.3.43f1\Editor\Data\PlaybackEngines\AndroidPlayer\OpenJDK\bin\java.exe
0x00007ffd00c10000 - 0x00007ffd00e08000 	C:\Windows\SYSTEM32\ntdll.dll
0x00007ffd00810000 - 0x00007ffd008d2000 	C:\Windows\System32\KERNEL32.DLL
0x00007ffcfe630000 - 0x00007ffcfe92e000 	C:\Windows\System32\KERNELBASE.dll
0x00007ffcfe320000 - 0x00007ffcfe420000 	C:\Windows\System32\ucrtbase.dll
0x00007ffcfc950000 - 0x00007ffcfc967000 	C:\Program Files\Unity\Hub\Editor\2021.3.43f1\Editor\Data\PlaybackEngines\AndroidPlayer\OpenJDK\bin\jli.dll
0x00007ffcfee70000 - 0x00007ffcff00d000 	C:\Windows\System32\USER32.dll
0x00007ffcfec00000 - 0x00007ffcfec22000 	C:\Windows\System32\win32u.dll
0x00007ffcfec40000 - 0x00007ffcfec6b000 	C:\Windows\System32\GDI32.dll
0x00007ffcfe980000 - 0x00007ffcfea97000 	C:\Windows\System32\gdi32full.dll
0x00007ffcfe420000 - 0x00007ffcfe4bd000 	C:\Windows\System32\msvcp_win.dll
0x00007ffcfc970000 - 0x00007ffcfc985000 	C:\Program Files\Unity\Hub\Editor\2021.3.43f1\Editor\Data\PlaybackEngines\AndroidPlayer\OpenJDK\bin\VCRUNTIME140.dll
0x00007ffcecce0000 - 0x00007ffcecf7a000 	C:\Windows\WinSxS\amd64_microsoft.windows.common-controls_6595b64144ccf1df_6.0.19041.4355_none_60b8b9eb71f62e16\COMCTL32.dll
0x00007ffd005b0000 - 0x00007ffd0064e000 	C:\Windows\System32\msvcrt.dll
0x00007ffd00970000 - 0x00007ffd0099f000 	C:\Windows\System32\IMM32.DLL
0x00007ffcc7720000 - 0x00007ffcc77bb000 	C:\Program Files\Unity\Hub\Editor\2021.3.43f1\Editor\Data\PlaybackEngines\AndroidPlayer\OpenJDK\bin\msvcp140.dll
0x00007ffcb8940000 - 0x00007ffcb94c1000 	C:\Program Files\Unity\Hub\Editor\2021.3.43f1\Editor\Data\PlaybackEngines\AndroidPlayer\OpenJDK\bin\server\jvm.dll
0x00007ffcff030000 - 0x00007ffcff0e2000 	C:\Windows\System32\ADVAPI32.dll
0x00007ffd009a0000 - 0x00007ffd00a40000 	C:\Windows\System32\sechost.dll
0x00007ffcffcb0000 - 0x00007ffcffdd3000 	C:\Windows\System32\RPCRT4.dll
0x00007ffcfe4c0000 - 0x00007ffcfe4e7000 	C:\Windows\System32\bcrypt.dll
0x00007ffd00800000 - 0x00007ffd00808000 	C:\Windows\System32\PSAPI.DLL
0x00007ffceb360000 - 0x00007ffceb369000 	C:\Windows\SYSTEM32\WSOCK32.dll
0x00007ffcffc40000 - 0x00007ffcffcab000 	C:\Windows\System32\WS2_32.dll
0x00007ffcf3af0000 - 0x00007ffcf3b17000 	C:\Windows\SYSTEM32\WINMM.dll
0x00007ffcf4910000 - 0x00007ffcf491a000 	C:\Windows\SYSTEM32\VERSION.dll
0x00007ffcfcad0000 - 0x00007ffcfcae2000 	C:\Windows\SYSTEM32\kernel.appcore.dll
0x00007ffcfc940000 - 0x00007ffcfc950000 	C:\Program Files\Unity\Hub\Editor\2021.3.43f1\Editor\Data\PlaybackEngines\AndroidPlayer\OpenJDK\bin\verify.dll
0x00007ffcfbf50000 - 0x00007ffcfc134000 	C:\Windows\SYSTEM32\DBGHELP.DLL
0x00007ffce7760000 - 0x00007ffce7794000 	C:\Windows\SYSTEM32\dbgcore.DLL
0x00007ffcfe4f0000 - 0x00007ffcfe572000 	C:\Windows\System32\bcryptPrimitives.dll
0x00007ffcf98b0000 - 0x00007ffcf98d8000 	C:\Program Files\Unity\Hub\Editor\2021.3.43f1\Editor\Data\PlaybackEngines\AndroidPlayer\OpenJDK\bin\java.dll
0x00007ffcfc930000 - 0x00007ffcfc93a000 	C:\Program Files\Unity\Hub\Editor\2021.3.43f1\Editor\Data\PlaybackEngines\AndroidPlayer\OpenJDK\bin\jimage.dll
0x00007ffcfacb0000 - 0x00007ffcfacc8000 	C:\Program Files\Unity\Hub\Editor\2021.3.43f1\Editor\Data\PlaybackEngines\AndroidPlayer\OpenJDK\bin\zip.dll
0x00007ffcff3f0000 - 0x00007ffcffb5f000 	C:\Windows\System32\SHELL32.dll
0x00007ffcfc170000 - 0x00007ffcfc914000 	C:\Windows\SYSTEM32\windows.storage.dll
0x00007ffd00250000 - 0x00007ffd005a3000 	C:\Windows\System32\combase.dll
0x00007ffcfdc10000 - 0x00007ffcfdc3e000 	C:\Windows\SYSTEM32\Wldp.dll
0x00007ffcff1b0000 - 0x00007ffcff27d000 	C:\Windows\System32\OLEAUT32.dll
0x00007ffcff100000 - 0x00007ffcff1ad000 	C:\Windows\System32\SHCORE.dll
0x00007ffcfed90000 - 0x00007ffcfede5000 	C:\Windows\System32\shlwapi.dll
0x00007ffcfe1e0000 - 0x00007ffcfe204000 	C:\Windows\SYSTEM32\profapi.dll
0x00007ffcfa080000 - 0x00007ffcfa099000 	C:\Program Files\Unity\Hub\Editor\2021.3.43f1\Editor\Data\PlaybackEngines\AndroidPlayer\OpenJDK\bin\net.dll
0x00007ffcf65b0000 - 0x00007ffcf66bd000 	C:\Windows\SYSTEM32\WINHTTP.dll
0x00007ffcfd970000 - 0x00007ffcfd9da000 	C:\Windows\system32\mswsock.dll
0x00007ffcf9860000 - 0x00007ffcf9873000 	C:\Program Files\Unity\Hub\Editor\2021.3.43f1\Editor\Data\PlaybackEngines\AndroidPlayer\OpenJDK\bin\nio.dll

dbghelp: loaded successfully - version: 4.0.5 - missing functions: none
symbol engine: initialized successfully - sym options: 0x614 - pdb path: .;C:\Program Files\Unity\Hub\Editor\2021.3.43f1\Editor\Data\PlaybackEngines\AndroidPlayer\OpenJDK\bin;C:\Windows\SYSTEM32;C:\Windows\WinSxS\amd64_microsoft.windows.common-controls_6595b64144ccf1df_6.0.19041.4355_none_60b8b9eb71f62e16;C:\Program Files\Unity\Hub\Editor\2021.3.43f1\Editor\Data\PlaybackEngines\AndroidPlayer\OpenJDK\bin\server

VM Arguments:
java_command: org.gradle.launcher.GradleMain -Dorg.gradle.jvmargs=-Xmx4096m --stop
java_class_path (initial): C:\Program Files\Unity\Hub\Editor\2021.3.43f1\Editor\Data\PlaybackEngines\AndroidPlayer\Tools\gradle\lib\gradle-launcher-7.5.1.jar
Launcher Type: SUN_STANDARD

[Global flags]
     intx CICompilerCount                          = 3                                         {product} {ergonomic}
     uint ConcGCThreads                            = 1                                         {product} {ergonomic}
     uint G1ConcRefinementThreads                  = 4                                         {product} {ergonomic}
   size_t G1HeapRegionSize                         = 1048576                                   {product} {ergonomic}
    uintx GCDrainStackTargetSize                   = 64                                        {product} {ergonomic}
   size_t InitialHeapSize                          = 100663296                                 {product} {ergonomic}
   size_t MarkStackSize                            = 4194304                                   {product} {ergonomic}
   size_t MaxHeapSize                              = 1593835520                                {product} {ergonomic}
   size_t MaxNewSize                               = 956301312                                 {product} {ergonomic}
   size_t MinHeapDeltaBytes                        = 1048576                                   {product} {ergonomic}
    uintx NonNMethodCodeHeapSize                   = 5830732                                {pd product} {ergonomic}
    uintx NonProfiledCodeHeapSize                  = 122913754                              {pd product} {ergonomic}
    uintx ProfiledCodeHeapSize                     = 122913754                              {pd product} {ergonomic}
    uintx ReservedCodeCacheSize                    = 251658240                              {pd product} {ergonomic}
     bool SegmentedCodeCache                       = true                                      {product} {ergonomic}
     bool UseCompressedClassPointers               = true                                 {lp64_product} {ergonomic}
     bool UseCompressedOops                        = true                                 {lp64_product} {ergonomic}
     bool UseG1GC                                  = true                                      {product} {ergonomic}
     bool UseLargePagesIndividualAllocation        = false                                  {pd product} {ergonomic}

Logging:
Log output configuration:
 #0: stdout all=warning uptime,level,tags
 #1: stderr all=off uptime,level,tags

Environment Variables:
JAVA_HOME=C:\Program Files\Unity\Hub\Editor\2021.3.43f1\Editor\Data\PlaybackEngines\AndroidPlayer\OpenJDK
PATH=C:\Program Files\Oculus\Support\oculus-runtime;C:\Program Files (x86)\Common Files\Oracle\Java\javapath;C:\Program Files\Eclipse Adoptium\jdk-17.0.8.7-hotspot\bin;C:\Program Files (x86)\NVIDIA Corporation\PhysX\Common;C:\Windows\system32;C:\Windows;C:\Windows\System32\Wbem;C:\Windows\System32\WindowsPowerShell\v1.0\;C:\Windows\System32\OpenSSH\;C:\Program Files\dotnet\;C:\HaxeToolkit\haxe;C:\HaxeToolkit\neko;C:\Users\ciber\AppData\Local\Microsoft\WindowsApps;C:\Users\ciber\AppData\Local\GitHubDesktop\bin;C:\Users\ciber\AppData\Local\Programs\Microsoft VS Code\bin;C:\Users\ciber\.dotnet\tools;C:\Gradle\gradle-8.2.1\bin;
USERNAME=ciber
OS=Windows_NT
PROCESSOR_IDENTIFIER=AMD64 Family 23 Model 24 Stepping 1, AuthenticAMD



---------------  S Y S T E M  ---------------

OS: Windows 10 , 64 bit Build 19041 (10.0.19041.4957)
OS uptime: 21 days 2:32 hours

CPU:total 4 (initial active 4) (4 cores per cpu, 2 threads per core) family 23 model 24 stepping 1 microcode 0x0, cmov, cx8, fxsr, mmx, sse, sse2, sse3, ssse3, sse4.1, sse4.2, popcnt, avx, avx2, aes, clmul, mmxext, 3dnowpref, lzcnt, sse4a, ht, tsc, tscinvbit, tscinv, bmi1, bmi2, adx, sha, fma

Memory: 4k page, system-wide physical 6078M (76M free)
TotalPageFile size 24510M (AvailPageFile size 0M)
current process WorkingSet (physical memory assigned to process): 36M, peak: 36M
current process commit charge ("private bytes"): 164M, peak: 164M

vm_info: OpenJDK 64-Bit Server VM (11.0.14.1+1) for windows-amd64 JRE (11.0.14.1+1), built on Feb  9 2022 01:48:27 by "" with unknown MS VC++:1916

END.
